USER REGISTERED
PRODUCT ADDED
CHECKED OUT
ADDRESS ADDED
SHIPPING METHOD ADDED
PAYMENT METHOD ADDED
PAYMENT INFORMATION ADDED
 ORDER IS CONFIRMED
USER REGISTERED
PRODUCT ADDED
CHECKED OUT
ADDRESS ADDED
SHIPPING METHOD ADDED
PAYMENT METHOD ADDED
PAYMENT INFORMATION ADDED
 ORDER IS CONFIRMED
USER REGISTERED
PRODUCT ADDED
CHECKED OUT
ADDRESS ADDED
SHIPPING METHOD ADDED
PAYMENT METHOD ADDED
PAYMENT INFORMATION ADDED
 ORDER IS CONFIRMED
USER REGISTERED
PRODUCT ADDED
CHECKED OUT
ADDRESS ADDED
SHIPPING METHOD ADDED
PAYMENT METHOD ADDED
PAYMENT INFORMATION ADDED
 ORDER IS CONFIRMED
USER REGISTERED
PRODUCT ADDED
CHECKED OUT
ADDRESS ADDED
SHIPPING METHOD ADDED
PAYMENT METHOD ADDED
PAYMENT INFORMATION ADDED
 ORDER IS CONFIRMED
USER REGISTERED
PRODUCT ADDED
CHECKED OUT
ADDRESS ADDED
SHIPPING METHOD ADDED
PAYMENT METHOD ADDED
PAYMENT INFORMATION ADDED
 ORDER IS CONFIRMED
USER REGISTERED
PRODUCT ADDED
CHECKED OUT
ADDRESS ADDED
SHIPPING METHOD ADDED
PAYMENT METHOD ADDED
PAYMENT INFORMATION ADDED
 ORDER IS CONFIRMED
USER REGISTERED
PRODUCT ADDED
CHECKED OUT
ADDRESS ADDED
SHIPPING METHOD ADDED
PAYMENT METHOD ADDED
PAYMENT INFORMATION ADDED
 ORDER IS CONFIRMED
USER REGISTERED
PRODUCT ADDED
CHECKED OUT
ADDRESS ADDED
SHIPPING METHOD ADDED
PAYMENT METHOD ADDED
PAYMENT INFORMATION ADDED
 ORDER IS CONFIRMED
USER REGISTERED
PRODUCT ADDED
CHECKED OUT
ADDRESS ADDED
SHIPPING METHOD ADDED
PAYMENT METHOD ADDED
PAYMENT INFORMATION ADDED
 ORDER IS CONFIRMED
USER REGISTERED
PRODUCT ADDED
CHECKED OUT
ADDRESS ADDED
SHIPPING METHOD ADDED
PAYMENT METHOD ADDED
PAYMENT INFORMATION ADDED
 ORDER IS CONFIRMED
USER REGISTERED
PRODUCT ADDED
CHECKED OUT
ADDRESS ADDED
SHIPPING METHOD ADDED
PAYMENT METHOD ADDED
PAYMENT INFORMATION ADDED
 ORDER IS CONFIRMED
USER REGISTERED
PRODUCT ADDED
CHECKED OUT
ADDRESS ADDED
SHIPPING METHOD ADDED
PAYMENT METHOD ADDED
PAYMENT INFORMATION ADDED
 ORDER IS CONFIRMED
USER REGISTERED
PRODUCT ADDED
CHECKED OUT
ADDRESS ADDED
SHIPPING METHOD ADDED
PAYMENT METHOD ADDED
PAYMENT INFORMATION ADDED
 ORDER IS CONFIRMED
USER REGISTERED
PRODUCT ADDED
USER REGISTERED
PRODUCT ADDED
CHECKED OUT
ADDRESS ADDED
SHIPPING METHOD ADDED
PAYMENT METHOD ADDED
PAYMENT INFORMATION ADDED
 ORDER IS CONFIRMED
